<?xml version="1.0" encoding="UTF-8"?>
<!-- Generated by org.testng.reporters.JUnitReportReporter -->
<testsuite skipped="0" hostname="LAPTOP-9S02J07H" name="driverScript.MainScript" tests="5" failures="0" timestamp="21 Sep 2019 17:15:54 GMT" time="63.581" errors="0">
  <testcase name="tc01" time="17.466" classname="driverScript.MainScript"/>
  <testcase name="tc02" time="5.272" classname="driverScript.MainScript"/>
  <testcase name="tc03" time="16.836" classname="driverScript.MainScript"/>
  <testcase name="tc04" time="18.590" classname="driverScript.MainScript"/>
  <testcase name="tc05" time="5.417" classname="driverScript.MainScript"/>
</testsuite> <!-- driverScript.MainScript -->
