<?xml version="1.0" encoding="UTF-8"?>
<!-- Generated by org.testng.reporters.JUnitReportReporter -->
<testsuite skipped="0" hostname="LAPTOP-9S02J07H" name="driverScript.MainScript" tests="5" failures="0" timestamp="21 Sep 2019 17:31:33 GMT" time="65.389" errors="0">
  <testcase name="tc01" time="16.257" classname="driverScript.MainScript"/>
  <testcase name="tc02" time="4.647" classname="driverScript.MainScript"/>
  <testcase name="tc03" time="19.228" classname="driverScript.MainScript"/>
  <testcase name="tc04" time="18.952" classname="driverScript.MainScript"/>
  <testcase name="tc05" time="6.305" classname="driverScript.MainScript"/>
</testsuite> <!-- driverScript.MainScript -->
